[debug] [2025-11-23T13:33:23.357Z] ----------------------------------------------------------------------
[debug] [2025-11-23T13:33:23.380Z] Command:       C:\Program Files\nodejs\node.exe C:\Users\DELL\AppData\Roaming\npm\node_modules\firebase-tools\lib\bin\firebase.js init
[debug] [2025-11-23T13:33:23.381Z] CLI Version:   14.26.0
[debug] [2025-11-23T13:33:23.381Z] Platform:      win32
[debug] [2025-11-23T13:33:23.381Z] Node Version:  v22.19.0
[debug] [2025-11-23T13:33:23.382Z] Time:          Sun Nov 23 2025 17:33:23 GMT+0400 (Gulf Standard Time)
[debug] [2025-11-23T13:33:23.382Z] ----------------------------------------------------------------------
[debug] 
[info] 
     ######## #### ########  ######## ########     ###     ######  ########
     ##        ##  ##     ## ##       ##     ##  ##   ##  ##       ##
     ######    ##  ########  ######   ########  #########  ######  ######
     ##        ##  ##    ##  ##       ##     ## ##     ##       ## ##
     ##       #### ##     ## ######## ########  ##     ##  ######  ########

You're about to initialize a Firebase project in this directory:

  C:\websites\code

Before we get started, keep in mind:

  * You are currently outside your home directory

[info] 
=== Project Setup
[info] 
[info] First, let's associate this project directory with a Firebase project.
[info] You can create multiple project aliases by running firebase use --add, 
[info] 
[debug] [2025-11-23T13:33:31.161Z] > command requires scopes: ["email","openid","https://www.googleapis.com/auth/cloudplatformprojects.readonly","https://www.googleapis.com/auth/firebase","https://www.googleapis.com/auth/cloud-platform"]
[debug] [2025-11-23T13:33:31.161Z] > authorizing via signed-in user (adzync44@gmail.com)
[debug] [2025-11-23T13:33:31.163Z] Checked if tokens are valid: false, expires at: 1763900127300
[debug] [2025-11-23T13:33:31.163Z] Checked if tokens are valid: false, expires at: 1763900127300
[debug] [2025-11-23T13:33:31.163Z] > refreshing access token with scopes: []
[debug] [2025-11-23T13:33:31.166Z] >>> [apiv2][query] POST https://www.googleapis.com/oauth2/v3/token [none]
[debug] [2025-11-23T13:33:31.166Z] >>> [apiv2][body] POST https://www.googleapis.com/oauth2/v3/token [omitted]
[debug] [2025-11-23T13:33:31.876Z] <<< [apiv2][status] POST https://www.googleapis.com/oauth2/v3/token 200
[debug] [2025-11-23T13:33:31.876Z] <<< [apiv2][body] POST https://www.googleapis.com/oauth2/v3/token [omitted]
[debug] [2025-11-23T13:33:31.883Z] >>> [apiv2][query] GET https://firebase.googleapis.com/v1beta1/projects/intokine-project [none]
[debug] [2025-11-23T13:33:32.651Z] <<< [apiv2][status] GET https://firebase.googleapis.com/v1beta1/projects/intokine-project 200
[debug] [2025-11-23T13:33:32.651Z] <<< [apiv2][body] GET https://firebase.googleapis.com/v1beta1/projects/intokine-project {"projectId":"intokine-project","projectNumber":"1046101491582","displayName":"intokine-project","name":"projects/intokine-project","resources":{"hostingSite":"intokine-project"},"state":"ACTIVE","etag":"1_3d374685-6ba7-4114-b4b1-040abdd9d785"}
[info] i  Using project intokine-project (intokine-project) . 
[info] 
=== Hosting Setup
[debug] [2025-11-23T13:33:32.659Z] Checked if tokens are valid: true, expires at: 1763908410876
[debug] [2025-11-23T13:33:32.659Z] Checked if tokens are valid: true, expires at: 1763908410876
[debug] [2025-11-23T13:33:32.660Z] >>> [apiv2][query] GET https://firebase.googleapis.com/v1beta1/projects/intokine-project [none]
[debug] [2025-11-23T13:33:33.014Z] <<< [apiv2][status] GET https://firebase.googleapis.com/v1beta1/projects/intokine-project 200
[debug] [2025-11-23T13:33:33.014Z] <<< [apiv2][body] GET https://firebase.googleapis.com/v1beta1/projects/intokine-project {"projectId":"intokine-project","projectNumber":"1046101491582","displayName":"intokine-project","name":"projects/intokine-project","resources":{"hostingSite":"intokine-project"},"state":"ACTIVE","etag":"1_3d374685-6ba7-4114-b4b1-040abdd9d785"}
[info] 
[info] Your public directory is the folder (relative to your project directory) that
[info] will contain Hosting assets to be uploaded with firebase deploy. If you
[info] have a build process for your assets, use your build's output directory.
[info] 
[debug] [2025-11-23T13:33:55.048Z] ExitPromptError: User force closed the prompt with SIGINT
    at Interface.sigint (C:\Users\DELL\AppData\Roaming\npm\node_modules\firebase-tools\node_modules\@inquirer\core\dist\commonjs\lib\create-prompt.js:101:37)
    at Interface.emit (node:events:519:28)
    at Interface.emit (node:domain:489:12)
    at [_ttyWrite] [as _ttyWrite] (node:internal/readline/interface:1132:18)
    at ReadStream.onkeypress (node:internal/readline/interface:271:20)
    at ReadStream.emit (node:events:531:35)
    at ReadStream.emit (node:domain:489:12)
    at emitKeys (node:internal/readline/utils:370:14)
    at emitKeys.next (<anonymous>)
    at ReadStream.onData (node:internal/readline/emitKeypressEvents:64:36)
[error] 
[error] Error: An unexpected error has occurred.
